
> mahjong-tool-box@0.0.0 start /root/website/mahjong-tool-box
> node ./bin/www

[0mGET / [32m200 [0m29.040 ms - 3091[0m
[0mGET /AmazeUI/assets/css/app.css [36m304 [0m11.883 ms - -[0m
[0mGET /AmazeUI/assets/css/amazeui.min.css [36m304 [0m14.375 ms - -[0m
[0mGET /AmazeUI/assets/js/amazeui.min.js [36m304 [0m14.082 ms - -[0m
[0mGET /AmazeUI/assets/js/jquery.min.js [36m304 [0m13.290 ms - -[0m
[0mGET /AmazeUI/assets/i/app-icon72x72@2x.png [32m200 [0m3.059 ms - 7215[0m
[0mGET /AmazeUI/assets/i/favicon.png [36m304 [0m0.768 ms - -[0m
[0mGET /manual [32m200 [0m6.301 ms - 2940[0m
[0mGET /AmazeUI/assets/css/app.css [36m304 [0m1.965 ms - -[0m
[0mGET /AmazeUI/assets/css/amazeui.min.css [36m304 [0m1.836 ms - -[0m
[0mGET /AmazeUI/assets/js/amazeui.min.js [36m304 [0m1.000 ms - -[0m
[0mGET /AmazeUI/assets/js/jquery.min.js [36m304 [0m1.371 ms - -[0m
[0mGET /AmazeUI/assets/i/app-icon72x72@2x.png [36m304 [0m0.987 ms - -[0m
[0mGET / [32m200 [0m2.126 ms - 3091[0m
[0mGET /AmazeUI/assets/css/amazeui.min.css [36m304 [0m0.586 ms - -[0m
[0mGET /AmazeUI/assets/css/app.css [36m304 [0m2.386 ms - -[0m
[0mGET /AmazeUI/assets/js/jquery.min.js [36m304 [0m2.587 ms - -[0m
[0mGET /AmazeUI/assets/js/amazeui.min.js [36m304 [0m2.248 ms - -[0m
[0mGET /AmazeUI/assets/i/app-icon72x72@2x.png [36m304 [0m0.693 ms - -[0m
[0mGET /hand-analysis [32m200 [0m4.047 ms - 11305[0m
[0mGET /AmazeUI/assets/css/amazeui.min.css [36m304 [0m1.196 ms - -[0m
[0mGET /AmazeUI/assets/css/app.css [36m304 [0m1.069 ms - -[0m
[0mGET /AmazeUI/assets/js/amazeui.min.js [36m304 [0m8.551 ms - -[0m
[0mGET /AmazeUI/assets/js/jquery.min.js [36m304 [0m8.678 ms - -[0m
[0mGET /javascripts/shanten-calculate.js [32m200 [0m7.933 ms - 2814[0m
[0mGET /javascripts/mahjong-keyboard-control.js [32m200 [0m4.832 ms - 5544[0m
[0mGET /AmazeUI/assets/i/app-icon72x72@2x.png [36m304 [0m0.547 ms - -[0m
[0mGET /score-calculator [32m200 [0m6.104 ms - 9977[0m
[0mGET /AmazeUI/assets/css/amazeui.min.css [36m304 [0m2.713 ms - -[0m
[0mGET /AmazeUI/assets/css/app.css [36m304 [0m1.827 ms - -[0m
[0mGET /AmazeUI/assets/js/jquery.min.js [36m304 [0m2.033 ms - -[0m
[0mGET /AmazeUI/assets/js/amazeui.min.js [36m304 [0m1.214 ms - -[0m
[0mGET /javascripts/mahjong-keyboard-control.js [36m304 [0m3.017 ms - -[0m
[0mGET /javascripts/score.js [32m200 [0m5.859 ms - 15949[0m
[0mGET /javascripts/score-calculator-control.js [32m200 [0m6.725 ms - 7069[0m
[0mGET /AmazeUI/assets/fonts/fontawesome-webfont.woff2?v=4.6.3 [32m200 [0m1.612 ms - 71896[0m
[0mGET /AmazeUI/assets/i/app-icon72x72@2x.png [36m304 [0m0.717 ms - -[0m
[0mGET /play-record [32m200 [0m4.424 ms - 9423[0m
[0mGET /AmazeUI/assets/css/amazeui.min.css [36m304 [0m1.491 ms - -[0m
[0mGET /AmazeUI/assets/css/app.css [36m304 [0m1.353 ms - -[0m
[0mGET /AmazeUI/assets/js/jquery.min.js [36m304 [0m4.052 ms - -[0m
[0mGET /AmazeUI/assets/js/amazeui.min.js [36m304 [0m3.750 ms - -[0m
[0mGET /images/mahjong/riichi.gif [32m200 [0m7.642 ms - 187[0m
[0mGET /AmazeUI/assets/i/app-icon72x72@2x.png [36m304 [0m0.776 ms - -[0m
[0mGET /quick-reference [32m200 [0m12.695 ms - 10058[0m
[0mGET /AmazeUI/assets/css/app.css [36m304 [0m1.336 ms - -[0m
[0mGET /AmazeUI/assets/css/amazeui.min.css [36m304 [0m1.114 ms - -[0m
[0mGET /AmazeUI/assets/js/amazeui.min.js [36m304 [0m0.793 ms - -[0m
[0mGET /AmazeUI/assets/js/jquery.min.js [36m304 [0m0.861 ms - -[0m
[0mGET /AmazeUI/assets/i/app-icon72x72@2x.png [36m304 [0m0.409 ms - -[0m
[0mGET /manual [32m200 [0m1.604 ms - 2940[0m
[0mGET /AmazeUI/assets/css/app.css [36m304 [0m0.983 ms - -[0m
[0mGET /AmazeUI/assets/css/amazeui.min.css [36m304 [0m1.098 ms - -[0m
[0mGET /AmazeUI/assets/js/jquery.min.js [36m304 [0m1.179 ms - -[0m
[0mGET /AmazeUI/assets/js/amazeui.min.js [36m304 [0m0.412 ms - -[0m
[0mGET /AmazeUI/assets/i/app-icon72x72@2x.png [36m304 [0m0.420 ms - -[0m
[0mGET /quick-reference [32m200 [0m1.498 ms - 10058[0m
[0mGET /AmazeUI/assets/css/app.css [36m304 [0m1.036 ms - -[0m
[0mGET /AmazeUI/assets/css/amazeui.min.css [36m304 [0m1.233 ms - -[0m
[0mGET /AmazeUI/assets/js/jquery.min.js [36m304 [0m1.325 ms - -[0m
[0mGET /AmazeUI/assets/js/amazeui.min.js [36m304 [0m0.372 ms - -[0m
[0mGET /AmazeUI/assets/i/app-icon72x72@2x.png [36m304 [0m0.411 ms - -[0m
[0mGET /play-record [32m200 [0m4.694 ms - 9423[0m
[0mGET /AmazeUI/assets/css/amazeui.min.css [36m304 [0m3.692 ms - -[0m
[0mGET /AmazeUI/assets/css/app.css [36m304 [0m3.401 ms - -[0m
[0mGET /AmazeUI/assets/js/jquery.min.js [36m304 [0m1.888 ms - -[0m
[0mGET /images/mahjong/riichi.gif [36m304 [0m1.336 ms - -[0m
[0mGET /AmazeUI/assets/js/amazeui.min.js [36m304 [0m1.150 ms - -[0m
[0mGET /AmazeUI/assets/i/app-icon72x72@2x.png [36m304 [0m0.421 ms - -[0m
[0mGET /score-calculator [32m200 [0m3.650 ms - 9977[0m
[0mGET /AmazeUI/assets/css/amazeui.min.css [36m304 [0m0.861 ms - -[0m
[0mGET /AmazeUI/assets/css/app.css [36m304 [0m2.827 ms - -[0m
[0mGET /AmazeUI/assets/js/jquery.min.js [36m304 [0m2.606 ms - -[0m
[0mGET /AmazeUI/assets/js/amazeui.min.js [36m304 [0m2.657 ms - -[0m
[0mGET /javascripts/score.js [36m304 [0m2.579 ms - -[0m
[0mGET /javascripts/mahjong-keyboard-control.js [36m304 [0m2.520 ms - -[0m
[0mGET /javascripts/score-calculator-control.js [36m304 [0m0.454 ms - -[0m
[0mGET /AmazeUI/assets/fonts/fontawesome-webfont.woff2?v=4.6.3 [36m304 [0m1.624 ms - -[0m
[0mGET /AmazeUI/assets/i/app-icon72x72@2x.png [36m304 [0m0.397 ms - -[0m
[0mGET /hand-analysis [32m200 [0m2.130 ms - 11305[0m
[0mGET /AmazeUI/assets/css/amazeui.min.css [36m304 [0m2.121 ms - -[0m
[0mGET /AmazeUI/assets/css/app.css [36m304 [0m2.227 ms - -[0m
[0mGET /AmazeUI/assets/js/amazeui.min.js [36m304 [0m2.334 ms - -[0m
[0mGET /AmazeUI/assets/js/jquery.min.js [36m304 [0m1.509 ms - -[0m
[0mGET /javascripts/shanten-calculate.js [36m304 [0m1.757 ms - -[0m
[0mGET /javascripts/mahjong-keyboard-control.js [36m304 [0m2.600 ms - -[0m
[0mGET /AmazeUI/assets/i/app-icon72x72@2x.png [36m304 [0m0.365 ms - -[0m
[0mGET / [32m200 [0m2.526 ms - 3091[0m
[0mGET /AmazeUI/assets/css/amazeui.min.css [36m304 [0m2.087 ms - -[0m
[0mGET /AmazeUI/assets/css/app.css [36m304 [0m1.966 ms - -[0m
[0mGET /AmazeUI/assets/js/jquery.min.js [36m304 [0m1.900 ms - -[0m
[0mGET /AmazeUI/assets/js/amazeui.min.js [36m304 [0m1.815 ms - -[0m
[0mGET /AmazeUI/assets/i/app-icon72x72@2x.png [36m304 [0m0.545 ms - -[0m
[0mGET / [32m200 [0m1.350 ms - 3091[0m
[0mGET /AmazeUI/assets/css/amazeui.min.css [36m304 [0m1.198 ms - -[0m
[0mGET /AmazeUI/assets/css/app.css [36m304 [0m1.278 ms - -[0m
[0mGET /AmazeUI/assets/js/jquery.min.js [36m304 [0m1.303 ms - -[0m
[0mGET /AmazeUI/assets/js/amazeui.min.js [36m304 [0m0.433 ms - -[0m
[0mGET /AmazeUI/assets/i/app-icon72x72@2x.png [36m304 [0m0.696 ms - -[0m
[0mGET / [32m200 [0m5.586 ms - 3092[0m
[0mGET /AmazeUI/assets/css/app.css [36m304 [0m1.727 ms - -[0m
[0mGET /AmazeUI/assets/js/jquery.min.js [36m304 [0m1.826 ms - -[0m
[0mGET /AmazeUI/assets/css/amazeui.min.css [36m304 [0m1.723 ms - -[0m
[0mGET /AmazeUI/assets/js/amazeui.min.js [36m304 [0m1.800 ms - -[0m
[0mGET /AmazeUI/assets/i/app-icon72x72@2x.png [32m200 [0m5.855 ms - 7215[0m
[0mGET /AmazeUI/assets/i/favicon.png [36m304 [0m0.456 ms - -[0m
[0mGET / [32m200 [0m6.489 ms - 3092[0m
[0mGET /AmazeUI/assets/css/app.css [36m304 [0m2.803 ms - -[0m
[0mGET /AmazeUI/assets/css/amazeui.min.css [36m304 [0m2.163 ms - -[0m
[0mGET /AmazeUI/assets/js/jquery.min.js [36m304 [0m2.039 ms - -[0m
[0mGET /AmazeUI/assets/js/amazeui.min.js [36m304 [0m2.248 ms - -[0m
[0mGET /AmazeUI/assets/i/app-icon72x72@2x.png [32m200 [0m0.796 ms - 7215[0m
[0mGET /AmazeUI/assets/i/favicon.png [36m304 [0m0.637 ms - -[0m
[0mGET / [32m200 [0m4.167 ms - 3092[0m
[0mGET /AmazeUI/assets/css/amazeui.min.css [36m304 [0m0.946 ms - -[0m
[0mGET /AmazeUI/assets/css/app.css [36m304 [0m0.726 ms - -[0m
[0mGET /AmazeUI/assets/js/jquery.min.js [36m304 [0m0.723 ms - -[0m
[0mGET /AmazeUI/assets/js/amazeui.min.js [36m304 [0m0.619 ms - -[0m
[0mGET /AmazeUI/assets/i/app-icon72x72@2x.png [36m304 [0m0.480 ms - -[0m
[0mGET /score-calculator [32m200 [0m2.614 ms - 9977[0m
[0mGET /AmazeUI/assets/css/amazeui.min.css [36m304 [0m11.501 ms - -[0m
[0mGET /AmazeUI/assets/css/app.css [36m304 [0m11.341 ms - -[0m
[0mGET /AmazeUI/assets/js/amazeui.min.js [36m304 [0m8.427 ms - -[0m
[0mGET /AmazeUI/assets/js/jquery.min.js [36m304 [0m5.663 ms - -[0m
[0mGET /javascripts/score.js [36m304 [0m5.510 ms - -[0m
[0mGET /javascripts/mahjong-keyboard-control.js [36m304 [0m5.458 ms - -[0m
[0mGET /javascripts/score-calculator-control.js [36m304 [0m0.457 ms - -[0m
[0mGET /AmazeUI/assets/fonts/fontawesome-webfont.woff2?v=4.6.3 [36m304 [0m0.496 ms - -[0m
[0mGET /AmazeUI/assets/i/app-icon72x72@2x.png [36m304 [0m6.383 ms - -[0m
[0mGET / [32m200 [0m3.642 ms - 2930[0m
[0mGET /AmazeUI/assets/css/amazeui.min.css [36m304 [0m2.932 ms - -[0m
[0mGET /AmazeUI/assets/css/app.css [36m304 [0m15.691 ms - -[0m
[0mGET /AmazeUI/assets/js/jquery.min.js [36m304 [0m0.624 ms - -[0m
[0mGET /AmazeUI/assets/js/amazeui.min.js [36m304 [0m0.553 ms - -[0m
[0mGET /AmazeUI/assets/i/app-icon72x72@2x.png [36m304 [0m0.502 ms - -[0m
[0mGET /hand-analysis [32m200 [0m6.306 ms - 11254[0m
[0mGET /AmazeUI/assets/css/amazeui.min.css [36m304 [0m1.349 ms - -[0m
[0mGET /AmazeUI/assets/css/app.css [36m304 [0m1.365 ms - -[0m
[0mGET /AmazeUI/assets/js/jquery.min.js [36m304 [0m0.555 ms - -[0m
[0mGET /AmazeUI/assets/js/amazeui.min.js [36m304 [0m1.591 ms - -[0m
[0mGET /javascripts/mahjong-keyboard-control.js [36m304 [0m0.930 ms - -[0m
[0mGET /javascripts/shanten-calculate.js [36m304 [0m0.318 ms - -[0m
[0mGET /AmazeUI/assets/i/app-icon72x72@2x.png [36m304 [0m1.208 ms - -[0m
[0mGET /score-calculator [32m200 [0m2.520 ms - 9926[0m
[0mGET /AmazeUI/assets/css/app.css [36m304 [0m1.358 ms - -[0m
[0mGET /AmazeUI/assets/css/amazeui.min.css [36m304 [0m1.289 ms - -[0m
[0mGET /AmazeUI/assets/js/amazeui.min.js [36m304 [0m1.962 ms - -[0m
[0mGET /javascripts/mahjong-keyboard-control.js [36m304 [0m2.048 ms - -[0m
[0mGET /javascripts/score-calculator-control.js [36m304 [0m2.701 ms - -[0m
[0mGET /javascripts/score.js [36m304 [0m2.822 ms - -[0m
[0mGET /AmazeUI/assets/js/jquery.min.js [36m304 [0m3.348 ms - -[0m
[0mGET /AmazeUI/assets/fonts/fontawesome-webfont.woff2?v=4.6.3 [36m304 [0m0.517 ms - -[0m
[0mGET /AmazeUI/assets/i/app-icon72x72@2x.png [36m304 [0m2.462 ms - -[0m
[0mGET / [32m200 [0m3.000 ms - 2930[0m
[0mGET /AmazeUI/assets/css/app.css [36m304 [0m6.277 ms - -[0m
[0mGET /AmazeUI/assets/css/amazeui.min.css [36m304 [0m12.796 ms - -[0m
[0mGET /AmazeUI/assets/js/jquery.min.js [36m304 [0m37.660 ms - -[0m
[0mGET /AmazeUI/assets/js/amazeui.min.js [36m304 [0m37.835 ms - -[0m
[0mGET /AmazeUI/assets/i/app-icon72x72@2x.png [36m304 [0m1.361 ms - -[0m
[0mGET /hand-analysis [32m200 [0m2.733 ms - 11254[0m
[0mGET /AmazeUI/assets/css/amazeui.min.css [36m304 [0m5.833 ms - -[0m
[0mGET /AmazeUI/assets/js/jquery.min.js [36m304 [0m2.358 ms - -[0m
[0mGET /AmazeUI/assets/css/app.css [36m304 [0m2.192 ms - -[0m
[0mGET /javascripts/mahjong-keyboard-control.js [36m304 [0m4.556 ms - -[0m
[0mGET /AmazeUI/assets/js/amazeui.min.js [36m304 [0m6.364 ms - -[0m
[0mGET /javascripts/shanten-calculate.js [36m304 [0m0.361 ms - -[0m
[0mGET /AmazeUI/assets/i/app-icon72x72@2x.png [36m304 [0m2.112 ms - -[0m
[0mGET /images/mahjong/p_ms1_0.gif [32m200 [0m1.034 ms - 1011[0m
[0mGET /images/mahjong/p_ms2_0.gif [32m200 [0m3.485 ms - 1039[0m
[0mGET /images/mahjong/p_ms3_0.gif [32m200 [0m0.908 ms - 1066[0m
[0mGET /images/mahjong/p_ms4_0.gif [32m200 [0m0.531 ms - 1080[0m
[0mGET /images/mahjong/p_ms5_0.gif [32m200 [0m0.752 ms - 1136[0m
[0mGET /images/mahjong/p_ms6_0.gif [32m200 [0m0.900 ms - 1057[0m
[0mGET /images/mahjong/p_ms7_0.gif [32m200 [0m0.600 ms - 1060[0m
[0mGET /images/mahjong/p_ms8_0.gif [32m200 [0m0.635 ms - 1026[0m
[0mGET /images/mahjong/p_ms9_0.gif [32m200 [0m0.559 ms - 1064[0m
[0mGET /images/mahjong-simple/tile%20(1).png [32m200 [0m3.282 ms - 4033[0m
[0mGET /images/mahjong-simple/tile%20(2).png [32m200 [0m3.006 ms - 4156[0m
[0mGET /images/mahjong-simple/tile%20(6).png [32m200 [0m3.133 ms - 4368[0m
[0mGET /images/mahjong-simple/tile%20(4).png [32m200 [0m3.398 ms - 4424[0m
[0mGET /images/mahjong-simple/tile%20(5).png [32m200 [0m3.646 ms - 4509[0m
[0mGET /images/mahjong-simple/tile%20(3).png [32m200 [0m3.848 ms - 4284[0m
[0mGET /images/mahjong-simple/tile%20(8).png [32m200 [0m0.569 ms - 4247[0m
[0mGET /images/mahjong-simple/tile%20(9).png [32m200 [0m0.603 ms - 4395[0m
[0mGET /images/mahjong-simple/tile%20(7).png [32m200 [0m0.559 ms - 4320[0m
[0mGET /score-calculator [32m200 [0m2.632 ms - 9926[0m
[0mGET /AmazeUI/assets/js/jquery.min.js [36m304 [0m1.275 ms - -[0m
[0mGET /AmazeUI/assets/css/app.css [36m304 [0m1.248 ms - -[0m
[0mGET /AmazeUI/assets/css/amazeui.min.css [36m304 [0m1.177 ms - -[0m
[0mGET /AmazeUI/assets/js/amazeui.min.js [36m304 [0m1.130 ms - -[0m
[0mGET /javascripts/score.js [36m304 [0m1.194 ms - -[0m
[0mGET /javascripts/mahjong-keyboard-control.js [36m304 [0m1.318 ms - -[0m
[0mGET /javascripts/score-calculator-control.js [36m304 [0m0.300 ms - -[0m
[0mGET /AmazeUI/assets/fonts/fontawesome-webfont.woff2?v=4.6.3 [36m304 [0m0.671 ms - -[0m
[0mGET /AmazeUI/assets/i/app-icon72x72@2x.png [36m304 [0m0.560 ms - -[0m
[0mGET /images/mahjong/p_ms1_0.gif [36m304 [0m0.489 ms - -[0m
[0mGET /images/mahjong/p_ms5_0.gif [36m304 [0m0.472 ms - -[0m
[0mGET /images/mahjong/p_ms2_0.gif [36m304 [0m0.459 ms - -[0m
[0mGET /images/mahjong/p_ms6_0.gif [36m304 [0m0.541 ms - -[0m
[0mGET /images/mahjong/p_ms9_0.gif [36m304 [0m0.482 ms - -[0m
[0mGET /images/mahjong/p_ms8_0.gif [36m304 [0m0.613 ms - -[0m
[0mGET /images/mahjong/p_ms3_0.gif [36m304 [0m1.016 ms - -[0m
[0mGET /images/mahjong/p_ps2_0.gif [32m200 [0m1.167 ms - 1060[0m
[0mGET /images/mahjong/p_ps5_0.gif [32m200 [0m0.639 ms - 1055[0m
[0mGET /images/mahjong/p_ps8_0.gif [32m200 [0m0.709 ms - 1174[0m
[0mGET /images/mahjong/p_ps6_0.gif [32m200 [0m0.598 ms - 1087[0m
[0mGET /images/mahjong/p_ps3_0.gif [32m200 [0m0.594 ms - 1032[0m
[0mGET /images/mahjong/p_ss5_0.gif [32m200 [0m0.802 ms - 1067[0m
[0mGET /images/mahjong/p_ss6_3.gif [32m200 [0m0.603 ms - 561[0m
[0mGET /images/mahjong/p_ss8_3.gif [32m200 [0m0.562 ms - 625[0m
[0mGET /images/mahjong/p_ss9_3.gif [32m200 [0m0.580 ms - 775[0m
[0mGET /images/mahjong/p_zs5_0.gif [32m200 [0m0.625 ms - 409[0m
[0mGET /images/mahjong/p_zs6_0.gif [32m200 [0m0.759 ms - 991[0m
[0mGET /images/mahjong/p_zs7_0.gif [32m200 [0m0.532 ms - 663[0m
[0mGET /images/mahjong/p_zs1_0.gif [32m200 [0m0.764 ms - 942[0m
[0mGET /images/mahjong/p_zs2_0.gif [32m200 [0m0.582 ms - 942[0m
[0mGET /images/mahjong/p_zs3_0.gif [32m200 [0m0.570 ms - 918[0m
[0mGET /images/mahjong/p_zs4_0.gif [32m200 [0m0.639 ms - 697[0m
[0mGET /images/mahjong/p_ms1_0.gif [36m304 [0m2.342 ms - -[0m
[0mGET /images/mahjong/p_ms9_0.gif [36m304 [0m0.601 ms - -[0m
[0mGET /images/mahjong/p_ps1_0.gif [32m200 [0m0.923 ms - 1071[0m
[0mGET /images/mahjong/p_ps9_0.gif [32m200 [0m1.141 ms - 1242[0m
[0mGET /images/mahjong/p_ss1_0.gif [32m200 [0m0.660 ms - 1563[0m
[0mGET /images/mahjong/p_ss9_0.gif [32m200 [0m0.554 ms - 1198[0m
[0mGET /images/mahjong/p_ss9_3.gif [36m304 [0m0.380 ms - -[0m
[0mGET /play-record [32m200 [0m6.471 ms - 9372[0m
[0mGET /AmazeUI/assets/css/app.css [36m304 [0m0.590 ms - -[0m
[0mGET /AmazeUI/assets/css/amazeui.min.css [36m304 [0m0.441 ms - -[0m
[0mGET /images/mahjong/riichi.gif [36m304 [0m0.403 ms - -[0m
[0mGET /AmazeUI/assets/js/amazeui.min.js [36m304 [0m0.376 ms - -[0m
[0mGET /AmazeUI/assets/js/jquery.min.js [36m304 [0m0.389 ms - -[0m
[0mGET / [32m200 [0m3.350 ms - 2930[0m
[0mGET /AmazeUI/assets/css/amazeui.min.css [32m200 [0m1.135 ms - 255214[0m
[0mGET /AmazeUI/assets/css/app.css [32m200 [0m2.385 ms - 23[0m
[0mGET /AmazeUI/assets/js/jquery.min.js [32m200 [0m2.205 ms - 85659[0m
[0mGET /AmazeUI/assets/js/amazeui.min.js [32m200 [0m1.073 ms - 211181[0m
[0mGET /AmazeUI/assets/i/app-icon72x72@2x.png [32m200 [0m0.946 ms - 7215[0m
[0mGET /AmazeUI/assets/i/favicon.png [32m200 [0m0.825 ms - 1024[0m
[0mGET /hand-analysis [32m200 [0m2.151 ms - 11254[0m
[0mGET /javascripts/mahjong-keyboard-control.js [32m200 [0m2.912 ms - 5544[0m
[0mGET /AmazeUI/assets/css/amazeui.min.css [36m304 [0m2.742 ms - -[0m
[0mGET /javascripts/shanten-calculate.js [32m200 [0m4.008 ms - 2814[0m
[0mGET /AmazeUI/assets/css/app.css [36m304 [0m1.118 ms - -[0m
[0mGET /AmazeUI/assets/js/amazeui.min.js [36m304 [0m1.147 ms - -[0m
[0mGET /AmazeUI/assets/js/jquery.min.js [36m304 [0m1.283 ms - -[0m
[0mGET /AmazeUI/assets/i/app-icon72x72@2x.png [36m304 [0m0.466 ms - -[0m
[0mGET /score-calculator [32m200 [0m2.458 ms - 9926[0m
[0mGET /AmazeUI/assets/css/amazeui.min.css [36m304 [0m9.985 ms - -[0m
[0mGET /javascripts/score.js [32m200 [0m15.722 ms - 15949[0m
[0mGET /AmazeUI/assets/css/app.css [36m304 [0m3.138 ms - -[0m
[0mGET /AmazeUI/assets/js/jquery.min.js [36m304 [0m3.047 ms - -[0m
[0mGET /AmazeUI/assets/js/amazeui.min.js [36m304 [0m2.827 ms - -[0m
[0mGET /javascripts/score-calculator-control.js [32m200 [0m3.957 ms - 7069[0m
[0mGET /javascripts/mahjong-keyboard-control.js [36m304 [0m0.833 ms - -[0m
[0mGET /AmazeUI/assets/fonts/fontawesome-webfont.woff2?v=4.6.3 [32m200 [0m0.857 ms - 71896[0m
[0mGET /AmazeUI/assets/i/app-icon72x72@2x.png [36m304 [0m0.569 ms - -[0m
[0mGET /play-record [32m200 [0m1.978 ms - 9372[0m
[0mGET /AmazeUI/assets/css/app.css [36m304 [0m1.060 ms - -[0m
[0mGET /AmazeUI/assets/css/amazeui.min.css [36m304 [0m0.889 ms - -[0m
[0mGET /AmazeUI/assets/js/jquery.min.js [36m304 [0m0.305 ms - -[0m
[0mGET /AmazeUI/assets/js/amazeui.min.js [36m304 [0m0.977 ms - -[0m
[0mGET /images/mahjong/riichi.gif [32m200 [0m1.442 ms - 187[0m
[0mGET /AmazeUI/assets/i/app-icon72x72@2x.png [36m304 [0m0.369 ms - -[0m
[0mGET /hand-analysis [32m200 [0m1.816 ms - 11254[0m
[0mGET /AmazeUI/assets/css/amazeui.min.css [36m304 [0m1.457 ms - -[0m
[0mGET /AmazeUI/assets/js/amazeui.min.js [36m304 [0m1.263 ms - -[0m
[0mGET /AmazeUI/assets/css/app.css [36m304 [0m1.266 ms - -[0m
[0mGET /javascripts/mahjong-keyboard-control.js [36m304 [0m1.326 ms - -[0m
[0mGET /AmazeUI/assets/js/jquery.min.js [36m304 [0m0.681 ms - -[0m
[0mGET /javascripts/shanten-calculate.js [36m304 [0m2.233 ms - -[0m
[0mGET /AmazeUI/assets/i/app-icon72x72@2x.png [36m304 [0m0.417 ms - -[0m
[0mGET /images/mahjong/p_ms1_0.gif [32m200 [0m0.609 ms - 1011[0m
[0mGET /images/mahjong/p_ms2_0.gif [32m200 [0m0.594 ms - 1039[0m
[0mGET /images/mahjong/p_ms3_0.gif [32m200 [0m0.762 ms - 1066[0m
[0mGET /images/mahjong/p_ms5_0.gif [32m200 [0m0.640 ms - 1136[0m
[0mGET /images/mahjong-simple/tile%20(1).png [32m200 [0m2.202 ms - 4033[0m
[0mGET /images/mahjong-simple/tile%20(5).png [32m200 [0m2.287 ms - 4509[0m
[0mGET /images/mahjong-simple/tile%20(2).png [32m200 [0m2.885 ms - 4156[0m
[0mGET /images/mahjong-simple/tile%20(3).png [32m200 [0m3.836 ms - 4284[0m
[0mGET /score-calculator [32m200 [0m2.021 ms - 9926[0m
[0mGET /AmazeUI/assets/css/amazeui.min.css [36m304 [0m0.490 ms - -[0m
[0mGET /AmazeUI/assets/css/app.css [36m304 [0m3.182 ms - -[0m
[0mGET /AmazeUI/assets/js/jquery.min.js [36m304 [0m3.344 ms - -[0m
[0mGET /AmazeUI/assets/js/amazeui.min.js [36m304 [0m3.778 ms - -[0m
[0mGET /javascripts/score.js [36m304 [0m4.070 ms - -[0m
[0mGET /javascripts/mahjong-keyboard-control.js [36m304 [0m4.304 ms - -[0m
[0mGET /javascripts/score-calculator-control.js [36m304 [0m4.454 ms - -[0m
[0mGET /AmazeUI/assets/fonts/fontawesome-webfont.woff2?v=4.6.3 [36m304 [0m0.447 ms - -[0m
[0mGET /AmazeUI/assets/i/app-icon72x72@2x.png [36m304 [0m0.527 ms - -[0m
[0mGET /hand-analysis [32m200 [0m3.218 ms - 11254[0m
[0mGET /AmazeUI/assets/css/amazeui.min.css [36m304 [0m0.597 ms - -[0m
[0mGET /AmazeUI/assets/js/jquery.min.js [36m304 [0m1.069 ms - -[0m
[0mGET /AmazeUI/assets/css/app.css [36m304 [0m0.865 ms - -[0m
[0mGET /javascripts/shanten-calculate.js [36m304 [0m0.716 ms - -[0m
[0mGET /AmazeUI/assets/js/amazeui.min.js [36m304 [0m0.751 ms - -[0m
[0mGET /javascripts/mahjong-keyboard-control.js [36m304 [0m0.737 ms - -[0m
[0mGET /AmazeUI/assets/i/app-icon72x72@2x.png [36m304 [0m0.459 ms - -[0m
[0mGET /images/mahjong/p_ms1_0.gif [36m304 [0m0.435 ms - -[0m
[0mGET /images/mahjong/p_ms2_0.gif [36m304 [0m0.497 ms - -[0m
[0mGET /images/mahjong/p_ms3_0.gif [36m304 [0m0.464 ms - -[0m
[0mGET /images/mahjong/p_ms4_0.gif [32m200 [0m0.886 ms - 1080[0m
[0mGET /images/mahjong/p_ms4_3.gif [32m200 [0m0.730 ms - 763[0m
[0mGET /images/mahjong-simple/tile%20(3).png [36m304 [0m1.187 ms - -[0m
[0mGET /images/mahjong-simple/tile%20(1).png [36m304 [0m2.253 ms - -[0m
[0mGET /images/mahjong-simple/tile%20(2).png [36m304 [0m2.542 ms - -[0m
[0mGET /images/mahjong-simple/tile%20(4).png [32m200 [0m4.363 ms - 4424[0m
[0mGET /images/mahjong/p_ms8_0.gif [32m200 [0m0.956 ms - 1026[0m
[0mGET /images/mahjong/p_ms5_0.gif [36m304 [0m0.609 ms - -[0m
[0mGET /images/mahjong/p_ms6_0.gif [32m200 [0m0.718 ms - 1057[0m
[0mGET /images/mahjong/p_ms7_0.gif [32m200 [0m0.784 ms - 1060[0m
[0mGET /images/mahjong/p_ms9_0.gif [32m200 [0m0.610 ms - 1064[0m
[0mGET /images/mahjong/p_ms8_3.gif [32m200 [0m0.664 ms - 725[0m
[0mGET /images/mahjong-simple/tile%20(8).png [32m200 [0m4.032 ms - 4247[0m
[0mGET /images/mahjong-simple/tile%20(9).png [32m200 [0m4.239 ms - 4395[0m
[0mGET /images/mahjong-simple/tile%20(7).png [32m200 [0m4.172 ms - 4320[0m
[0mGET /images/mahjong-simple/tile%20(5).png [36m304 [0m3.465 ms - -[0m
[0mGET /images/mahjong-simple/tile%20(6).png [32m200 [0m4.351 ms - 4368[0m
[0mGET /images/mahjong/p_ms1_3.gif [32m200 [0m0.672 ms - 703[0m
[0mGET /AmazeUI/assets/i/app-icon72x72@2x.png [36m304 [0m0.437 ms - -[0m
[0mGET /play-record [32m200 [0m4.907 ms - 9372[0m
[0mGET /AmazeUI/assets/css/amazeui.min.css [36m304 [0m0.692 ms - -[0m
[0mGET /AmazeUI/assets/css/app.css [36m304 [0m1.123 ms - -[0m
[0mGET /AmazeUI/assets/js/jquery.min.js [36m304 [0m1.250 ms - -[0m
[0mGET /AmazeUI/assets/js/amazeui.min.js [36m304 [0m0.834 ms - -[0m
[0mGET /images/mahjong/riichi.gif [36m304 [0m0.921 ms - -[0m
[0mGET /AmazeUI/assets/i/app-icon72x72@2x.png [36m304 [0m0.465 ms - -[0m
[0mGET /hand-analysis [32m200 [0m2.106 ms - 11254[0m
[0mGET /AmazeUI/assets/css/amazeui.min.css [36m304 [0m0.390 ms - -[0m
[0mGET /AmazeUI/assets/js/jquery.min.js [36m304 [0m0.697 ms - -[0m
[0mGET /AmazeUI/assets/css/app.css [36m304 [0m0.405 ms - -[0m
[0mGET /AmazeUI/assets/js/amazeui.min.js [36m304 [0m1.037 ms - -[0m
[0mGET /javascripts/mahjong-keyboard-control.js [36m304 [0m1.166 ms - -[0m
[0mGET /javascripts/shanten-calculate.js [36m304 [0m1.198 ms - -[0m
[0mGET /AmazeUI/assets/i/app-icon72x72@2x.png [36m304 [0m0.569 ms - -[0m
[0mGET /score-calculator [32m200 [0m4.525 ms - 9926[0m
[0mGET /AmazeUI/assets/css/app.css [36m304 [0m1.872 ms - -[0m
[0mGET /AmazeUI/assets/css/amazeui.min.css [36m304 [0m2.866 ms - -[0m
[0mGET /AmazeUI/assets/js/jquery.min.js [36m304 [0m1.925 ms - -[0m
[0mGET /AmazeUI/assets/js/amazeui.min.js [36m304 [0m2.000 ms - -[0m
[0mGET /javascripts/score.js [36m304 [0m1.929 ms - -[0m
[0mGET /javascripts/mahjong-keyboard-control.js [36m304 [0m0.596 ms - -[0m
[0mGET /javascripts/score-calculator-control.js [36m304 [0m0.567 ms - -[0m
[0mGET /AmazeUI/assets/fonts/fontawesome-webfont.woff2?v=4.6.3 [36m304 [0m1.174 ms - -[0m
[0mGET /AmazeUI/assets/i/app-icon72x72@2x.png [36m304 [0m0.366 ms - -[0m
[0mGET / [32m200 [0m1.588 ms - 2930[0m
[0mGET /AmazeUI/assets/css/amazeui.min.css [32m200 [0m0.706 ms - 255214[0m
[0mGET /AmazeUI/assets/css/app.css [32m200 [0m0.912 ms - 23[0m
[0mGET /AmazeUI/assets/js/jquery.min.js [32m200 [0m0.642 ms - 85659[0m
[0mGET /AmazeUI/assets/js/amazeui.min.js [32m200 [0m0.679 ms - 211181[0m
[0mGET /AmazeUI/assets/fonts/fontawesome-webfont.woff2?v=4.6.3 [32m200 [0m1.156 ms - 71896[0m
[0mGET /AmazeUI/assets/i/app-icon72x72@2x.png [32m200 [0m0.593 ms - 7215[0m
[0mGET /AmazeUI/assets/i/app-icon72x72@2x.png [36m304 [0m0.508 ms - -[0m
[0mGET /quick-reference [32m200 [0m3.056 ms - 10007[0m
[0mGET /AmazeUI/assets/css/app.css [36m304 [0m0.655 ms - -[0m
[0mGET /AmazeUI/assets/css/amazeui.min.css [36m304 [0m0.322 ms - -[0m
[0mGET /AmazeUI/assets/js/jquery.min.js [36m304 [0m0.390 ms - -[0m
[0mGET /AmazeUI/assets/js/amazeui.min.js [36m304 [0m0.541 ms - -[0m
[0mGET /AmazeUI/assets/fonts/fontawesome-webfont.woff2?v=4.6.3 [36m304 [0m0.418 ms - -[0m
[0mGET /hand-analysis [32m200 [0m1.672 ms - 11254[0m
[0mGET /AmazeUI/assets/css/amazeui.min.css [36m304 [0m0.391 ms - -[0m
[0mGET /AmazeUI/assets/css/app.css [36m304 [0m0.728 ms - -[0m
[0mGET /AmazeUI/assets/js/jquery.min.js [36m304 [0m0.840 ms - -[0m
[0mGET /AmazeUI/assets/js/amazeui.min.js [36m304 [0m2.262 ms - -[0m
[0mGET /javascripts/mahjong-keyboard-control.js [36m304 [0m1.138 ms - -[0m
[0mGET /javascripts/shanten-calculate.js [36m304 [0m0.369 ms - -[0m
[0mGET /AmazeUI/assets/i/app-icon72x72@2x.png [36m304 [0m0.412 ms - -[0m
[0mGET /images/mahjong/p_ms1_0.gif [36m304 [0m1.029 ms - -[0m
[0mGET /images/mahjong/p_ms2_0.gif [36m304 [0m0.691 ms - -[0m
[0mGET /images/mahjong/p_ms6_0.gif [36m304 [0m0.450 ms - -[0m
[0mGET /images/mahjong/p_ms4_0.gif [36m304 [0m0.612 ms - -[0m
[0mGET /images/mahjong/p_ms3_0.gif [36m304 [0m0.496 ms - -[0m
[0mGET /images/mahjong/p_ms5_0.gif [36m304 [0m0.476 ms - -[0m
[0mGET /images/mahjong/p_ms7_0.gif [36m304 [0m0.458 ms - -[0m
[0mGET /images/mahjong/p_ms8_0.gif [36m304 [0m0.454 ms - -[0m
[0mGET /images/mahjong/p_ms9_0.gif [36m304 [0m0.537 ms - -[0m
[0mGET /images/mahjong-simple/tile%20(2).png [36m304 [0m3.097 ms - -[0m
[0mGET /images/mahjong-simple/tile%20(6).png [36m304 [0m4.128 ms - -[0m
[0mGET /images/mahjong-simple/tile%20(4).png [36m304 [0m4.340 ms - -[0m
[0mGET /images/mahjong-simple/tile%20(5).png [36m304 [0m4.473 ms - -[0m
[0mGET /images/mahjong-simple/tile%20(3).png [36m304 [0m4.544 ms - -[0m
[0mGET /images/mahjong-simple/tile%20(1).png [36m304 [0m4.619 ms - -[0m
[0mGET /images/mahjong-simple/tile%20(8).png [36m304 [0m0.632 ms - -[0m
[0mGET /images/mahjong-simple/tile%20(9).png [36m304 [0m0.377 ms - -[0m
[0mGET /images/mahjong-simple/tile%20(7).png [36m304 [0m0.357 ms - -[0m
[0mGET / [32m200 [0m2.443 ms - 2930[0m
[0mGET /images/mahjong/p_ms8_3.gif [36m304 [0m0.564 ms - -[0m
[0mGET /quick-reference [32m200 [0m2.780 ms - 10007[0m
[0mGET / [32m200 [0m4.812 ms - 2930[0m
[0mGET / [32m200 [0m3.024 ms - 2930[0m
[0mGET /AmazeUI/assets/css/amazeui.min.css [36m304 [0m0.835 ms - -[0m
[0mGET /AmazeUI/assets/css/app.css [36m304 [0m2.368 ms - -[0m
[0mGET /AmazeUI/assets/js/amazeui.min.js [36m304 [0m0.498 ms - -[0m
[0mGET /AmazeUI/assets/js/jquery.min.js [36m304 [0m0.480 ms - -[0m
[0mGET /AmazeUI/assets/i/app-icon72x72@2x.png [36m304 [0m17.866 ms - -[0m
[0mGET / [32m200 [0m7.589 ms - 2930[0m
[0mGET /AmazeUI/assets/css/amazeui.min.css [36m304 [0m0.586 ms - -[0m
[0mGET /AmazeUI/assets/css/app.css [36m304 [0m0.461 ms - -[0m
[0mGET /AmazeUI/assets/js/amazeui.min.js [36m304 [0m0.500 ms - -[0m
[0mGET /AmazeUI/assets/js/jquery.min.js [36m304 [0m0.407 ms - -[0m
[0mGET /AmazeUI/assets/i/app-icon72x72@2x.png [36m304 [0m0.368 ms - -[0m
[0mGET /play-record [32m200 [0m3.841 ms - 9372[0m
[0mGET /AmazeUI/assets/css/amazeui.min.css [36m304 [0m0.457 ms - -[0m
[0mGET /AmazeUI/assets/css/app.css [36m304 [0m0.496 ms - -[0m
[0mGET /AmazeUI/assets/js/jquery.min.js [36m304 [0m0.418 ms - -[0m
[0mGET /AmazeUI/assets/js/amazeui.min.js [36m304 [0m0.397 ms - -[0m
[0mGET /images/mahjong/riichi.gif [32m200 [0m1.661 ms - 187[0m
[0mGET /AmazeUI/assets/i/app-icon72x72@2x.png [36m304 [0m0.591 ms - -[0m
[0mGET /AmazeUI/assets/i/app-icon72x72@2x.png [36m304 [0m0.561 ms - -[0m
[0mGET /quick-reference [32m200 [0m3.710 ms - 10007[0m
[0mGET /AmazeUI/assets/css/amazeui.min.css [36m304 [0m0.387 ms - -[0m
[0mGET /AmazeUI/assets/css/app.css [36m304 [0m0.436 ms - -[0m
[0mGET /AmazeUI/assets/js/amazeui.min.js [36m304 [0m0.625 ms - -[0m
[0mGET /AmazeUI/assets/js/jquery.min.js [36m304 [0m0.695 ms - -[0m
[0mGET /AmazeUI/assets/i/app-icon72x72@2x.png [36m304 [0m0.550 ms - -[0m
[0mGET /AmazeUI/assets/i/app-icon72x72@2x.png [36m304 [0m0.367 ms - -[0m
[0mGET /score-calculator [32m200 [0m8.027 ms - 9926[0m
[0mGET /AmazeUI/assets/css/amazeui.min.css [36m304 [0m0.334 ms - -[0m
[0mGET /AmazeUI/assets/js/jquery.min.js [36m304 [0m1.365 ms - -[0m
[0mGET /AmazeUI/assets/css/app.css [36m304 [0m1.395 ms - -[0m
[0mGET /AmazeUI/assets/js/amazeui.min.js [36m304 [0m0.833 ms - -[0m
[0mGET /javascripts/score.js [32m200 [0m0.705 ms - 15949[0m
[0mGET /javascripts/mahjong-keyboard-control.js [32m200 [0m0.574 ms - 5544[0m
[0mGET /javascripts/score-calculator-control.js [32m200 [0m0.592 ms - 7069[0m
[0mGET /AmazeUI/assets/fonts/fontawesome-webfont.woff2?v=4.6.3 [32m200 [0m0.770 ms - 71896[0m
[0mGET /AmazeUI/assets/i/app-icon72x72@2x.png [36m304 [0m0.492 ms - -[0m
[0mGET /AmazeUI/assets/i/app-icon72x72@2x.png [36m304 [0m0.589 ms - -[0m
[0mGET / [32m200 [0m4.695 ms - 2930[0m
